d:\one drive - uos\onedrive - university of suffolk\uos\units\tools for game development\06 - im gui 1\sdlgamenetworking\sdlgamenetworking\debug\main.obj
d:\one drive - uos\onedrive - university of suffolk\uos\units\tools for game development\06 - im gui 1\sdlgamenetworking\sdlgamenetworking\debug\imgui_demo.obj
d:\one drive - uos\onedrive - university of suffolk\uos\units\tools for game development\06 - im gui 1\sdlgamenetworking\sdlgamenetworking\debug\componentbase.obj
d:\one drive - uos\onedrive - university of suffolk\uos\units\tools for game development\06 - im gui 1\sdlgamenetworking\sdlgamenetworking\debug\i_guiwindow.obj
d:\one drive - uos\onedrive - university of suffolk\uos\units\tools for game development\06 - im gui 1\sdlgamenetworking\sdlgamenetworking\debug\imgui_sdl.obj
d:\one drive - uos\onedrive - university of suffolk\uos\units\tools for game development\06 - im gui 1\sdlgamenetworking\sdlgamenetworking\debug\imgui_draw.obj
d:\one drive - uos\onedrive - university of suffolk\uos\units\tools for game development\06 - im gui 1\sdlgamenetworking\sdlgamenetworking\debug\imgui_tables.obj
d:\one drive - uos\onedrive - university of suffolk\uos\units\tools for game development\06 - im gui 1\sdlgamenetworking\sdlgamenetworking\debug\imgui.obj
d:\one drive - uos\onedrive - university of suffolk\uos\units\tools for game development\06 - im gui 1\sdlgamenetworking\sdlgamenetworking\debug\gamewindow.obj
d:\one drive - uos\onedrive - university of suffolk\uos\units\tools for game development\06 - im gui 1\sdlgamenetworking\sdlgamenetworking\debug\udpconnection.obj
d:\one drive - uos\onedrive - university of suffolk\uos\units\tools for game development\06 - im gui 1\sdlgamenetworking\sdlgamenetworking\debug\sceanhirarcywindow.obj
d:\one drive - uos\onedrive - university of suffolk\uos\units\tools for game development\06 - im gui 1\sdlgamenetworking\sdlgamenetworking\debug\imgui_widgets.obj
d:\one drive - uos\onedrive - university of suffolk\uos\units\tools for game development\06 - im gui 1\sdlgamenetworking\sdlgamenetworking\debug\imgui_impl_sdl.obj
d:\one drive - uos\onedrive - university of suffolk\uos\units\tools for game development\06 - im gui 1\sdlgamenetworking\sdlgamenetworking\debug\text.obj
d:\one drive - uos\onedrive - university of suffolk\uos\units\tools for game development\06 - im gui 1\sdlgamenetworking\sdlgamenetworking\debug\oldmainkiwi.obj
d:\one drive - uos\onedrive - university of suffolk\uos\units\tools for game development\06 - im gui 1\sdlgamenetworking\sdlgamenetworking\debug\printtoconsole.obj
d:\one drive - uos\onedrive - university of suffolk\uos\units\tools for game development\06 - im gui 1\sdlgamenetworking\sdlgamenetworking\debug\sprite.obj
d:\one drive - uos\onedrive - university of suffolk\uos\units\tools for game development\06 - im gui 1\sdlgamenetworking\sdlgamenetworking\debug\bitmap.obj
d:\one drive - uos\onedrive - university of suffolk\uos\units\tools for game development\06 - im gui 1\sdlgamenetworking\sdlgamenetworking\debug\transfrom2d.obj
d:\one drive - uos\onedrive - university of suffolk\uos\units\tools for game development\06 - im gui 1\sdlgamenetworking\sdlgamenetworking\debug\vc142.pdb
d:\one drive - uos\onedrive - university of suffolk\uos\units\tools for game development\06 - im gui 1\sdlgamenetworking\sdlgamenetworking\debug\profilersystem.obj
d:\one drive - uos\onedrive - university of suffolk\uos\units\tools for game development\06 - im gui 1\sdlgamenetworking\sdlgamenetworking\debug\vc142.idb
d:\one drive - uos\onedrive - university of suffolk\uos\units\tools for game development\06 - im gui 1\sdlgamenetworking\debug\sdlgamenetworking.exe
d:\one drive - uos\onedrive - university of suffolk\uos\units\tools for game development\06 - im gui 1\sdlgamenetworking\debug\sdlgamenetworking.ilk
d:\one drive - uos\onedrive - university of suffolk\uos\units\tools for game development\06 - im gui 1\sdlgamenetworking\debug\sdlgamenetworking.pdb
d:\one drive - uos\onedrive - university of suffolk\uos\units\tools for game development\06 - im gui 1\sdlgamenetworking\sdlgamenetworking\debug\imgui_impl_opengl2.obj
d:\one drive - uos\onedrive - university of suffolk\uos\units\tools for game development\06 - im gui 1\sdlgamenetworking\sdlgamenetworking\debug\imgui_impl_opengl3.obj
d:\one drive - uos\onedrive - university of suffolk\uos\units\tools for game development\06 - im gui 1\sdlgamenetworking\sdlgamenetworking\debug\imgui_stdlib.obj
d:\one drive - uos\onedrive - university of suffolk\uos\units\tools for game development\06 - im gui 1\sdlgamenetworking\sdlgamenetworking\debug\kiss_draw.obj
d:\one drive - uos\onedrive - university of suffolk\uos\units\tools for game development\06 - im gui 1\sdlgamenetworking\sdlgamenetworking\debug\kiss_general.obj
d:\one drive - uos\onedrive - university of suffolk\uos\units\tools for game development\06 - im gui 1\sdlgamenetworking\sdlgamenetworking\debug\kiss_posix.obj
d:\one drive - uos\onedrive - university of suffolk\uos\units\tools for game development\06 - im gui 1\sdlgamenetworking\sdlgamenetworking\debug\kiss_widgets.obj
d:\one drive - uos\onedrive - university of suffolk\uos\units\tools for game development\06 - im gui 1\sdlgamenetworking\sdlgamenetworking\debug\menucontainer.obj
d:\one drive - uos\onedrive - university of suffolk\uos\units\tools for game development\06 - im gui 1\sdlgamenetworking\sdlgamenetworking\debug\menuitem.obj
d:\one drive - uos\onedrive - university of suffolk\uos\units\tools for game development\06 - im gui 1\sdlgamenetworking\sdlgamenetworking\debug\bitmap.obj.enc
d:\one drive - uos\onedrive - university of suffolk\uos\units\tools for game development\06 - im gui 1\sdlgamenetworking\sdlgamenetworking\debug\gamewindow.obj.enc
d:\one drive - uos\onedrive - university of suffolk\uos\units\tools for game development\06 - im gui 1\sdlgamenetworking\sdlgamenetworking\debug\main.obj.enc
d:\one drive - uos\onedrive - university of suffolk\uos\units\tools for game development\06 - im gui 1\sdlgamenetworking\sdlgamenetworking\debug\sprite.obj.enc
d:\one drive - uos\onedrive - university of suffolk\uos\units\tools for game development\06 - im gui 1\sdlgamenetworking\sdlgamenetworking\debug\transfrom2d.obj.enc
d:\one drive - uos\onedrive - university of suffolk\uos\units\tools for game development\06 - im gui 1\sdlgamenetworking\sdlgamenetworking\debug\vc141.idb
d:\one drive - uos\onedrive - university of suffolk\uos\units\tools for game development\06 - im gui 1\sdlgamenetworking\sdlgamenetworking\debug\vc141.pdb
d:\one drive - uos\onedrive - university of suffolk\uos\units\tools for game development\06 - im gui 1\sdlgamenetworking\sdlgamenetworking\debug\sdlgamen.86b02a7f.tlog\cl.command.1.tlog
d:\one drive - uos\onedrive - university of suffolk\uos\units\tools for game development\06 - im gui 1\sdlgamenetworking\sdlgamenetworking\debug\sdlgamen.86b02a7f.tlog\cl.read.1.tlog
d:\one drive - uos\onedrive - university of suffolk\uos\units\tools for game development\06 - im gui 1\sdlgamenetworking\sdlgamenetworking\debug\sdlgamen.86b02a7f.tlog\cl.write.1.tlog
d:\one drive - uos\onedrive - university of suffolk\uos\units\tools for game development\06 - im gui 1\sdlgamenetworking\sdlgamenetworking\debug\sdlgamen.86b02a7f.tlog\link.command.1.tlog
d:\one drive - uos\onedrive - university of suffolk\uos\units\tools for game development\06 - im gui 1\sdlgamenetworking\sdlgamenetworking\debug\sdlgamen.86b02a7f.tlog\link.read.1.tlog
d:\one drive - uos\onedrive - university of suffolk\uos\units\tools for game development\06 - im gui 1\sdlgamenetworking\sdlgamenetworking\debug\sdlgamen.86b02a7f.tlog\link.write.1.tlog
