  Main.cpp
  WindowsCollection.cpp
  dllmain.cpp
D:\One Drive - UOS\OneDrive - University of Suffolk\UOS\Units\Tools For Game Development\06 - im gui 1\SDLGameNetworking - C# editor test\SDLGameNetworking\Bitmap.h(87,25): warning C4018: '<': signed/unsigned mismatch (compiling source file WindowsCollection.cpp)
D:\One Drive - UOS\OneDrive - University of Suffolk\UOS\Units\Tools For Game Development\06 - im gui 1\SDLGameNetworking - C# editor test\SDLGameNetworking\GameWindow.h(29,34): warning C4227: anachronism used: qualifiers on reference are ignored (compiling source file WindowsCollection.cpp)
D:\One Drive - UOS\OneDrive - University of Suffolk\UOS\Units\Tools For Game Development\06 - im gui 1\SDLGameNetworking - C# editor test\SDLGameNetworking\Bitmap.h(87,25): warning C4018: '<': signed/unsigned mismatch (compiling source file dllmain.cpp)
D:\One Drive - UOS\OneDrive - University of Suffolk\UOS\Units\Tools For Game Development\06 - im gui 1\SDLGameNetworking - C# editor test\SDLGameNetworking\GameWindow.h(29,34): warning C4227: anachronism used: qualifiers on reference are ignored (compiling source file dllmain.cpp)
D:\One Drive - UOS\OneDrive - University of Suffolk\UOS\Units\Tools For Game Development\06 - im gui 1\SDLGameNetworking - C# editor test\SDLGameNetworking\Bitmap.h(87,25): warning C4018: '<': signed/unsigned mismatch (compiling source file Main.cpp)
D:\One Drive - UOS\OneDrive - University of Suffolk\UOS\Units\Tools For Game Development\06 - im gui 1\SDLGameNetworking - C# editor test\SDLGameNetworking\Sprite.h(27,90): warning C4244: 'argument': conversion from 'int' to 'float', possible loss of data (compiling source file Main.cpp)
D:\One Drive - UOS\OneDrive - University of Suffolk\UOS\Units\Tools For Game Development\06 - im gui 1\SDLGameNetworking - C# editor test\SDLGameNetworking\Sprite.h(27,69): warning C4244: 'argument': conversion from 'int' to 'float', possible loss of data (compiling source file Main.cpp)
D:\One Drive - UOS\OneDrive - University of Suffolk\UOS\Units\Tools For Game Development\06 - im gui 1\SDLGameNetworking - C# editor test\SDLGameNetworking\Sprite.h(59,55): warning C4838: conversion from 'float' to 'int' requires a narrowing conversion (compiling source file Main.cpp)
D:\One Drive - UOS\OneDrive - University of Suffolk\UOS\Units\Tools For Game Development\06 - im gui 1\SDLGameNetworking - C# editor test\SDLGameNetworking\Sprite.h(59,55): warning C4244: 'initializing': conversion from 'float' to 'int', possible loss of data (compiling source file Main.cpp)
D:\One Drive - UOS\OneDrive - University of Suffolk\UOS\Units\Tools For Game Development\06 - im gui 1\SDLGameNetworking - C# editor test\SDLGameNetworking\Sprite.h(59,78): warning C4838: conversion from 'float' to 'int' requires a narrowing conversion (compiling source file Main.cpp)
D:\One Drive - UOS\OneDrive - University of Suffolk\UOS\Units\Tools For Game Development\06 - im gui 1\SDLGameNetworking - C# editor test\SDLGameNetworking\Sprite.h(59,78): warning C4244: 'initializing': conversion from 'float' to 'int', possible loss of data (compiling source file Main.cpp)
D:\One Drive - UOS\OneDrive - University of Suffolk\UOS\Units\Tools For Game Development\06 - im gui 1\SDLGameNetworking - C# editor test\SDLGameNetworking\Sprite.h(106,1): warning C4244: '+=': conversion from 'float' to 'int', possible loss of data (compiling source file Main.cpp)
D:\One Drive - UOS\OneDrive - University of Suffolk\UOS\Units\Tools For Game Development\06 - im gui 1\SDLGameNetworking - C# editor test\SDLGameNetworking\Sprite.h(107,1): warning C4244: '+=': conversion from 'float' to 'int', possible loss of data (compiling source file Main.cpp)
D:\One Drive - UOS\OneDrive - University of Suffolk\UOS\Units\Tools For Game Development\06 - im gui 1\SDLGameNetworking - C# editor test\SDLGameNetworking\GameWindow.h(29,34): warning C4227: anachronism used: qualifiers on reference are ignored (compiling source file Main.cpp)
D:\One Drive - UOS\OneDrive - University of Suffolk\UOS\Units\Tools For Game Development\06 - im gui 1\SDLGameNetworking - C# editor test\SDLGameNetworking\SceanHirarcyWindow.h(53,22): warning C4018: '<': signed/unsigned mismatch (compiling source file Main.cpp)
D:\One Drive - UOS\OneDrive - University of Suffolk\UOS\Units\Tools For Game Development\06 - im gui 1\SDLGameNetworking - C# editor test\SDLGameNetworking\Main.cpp(85,21): warning C4018: '<': signed/unsigned mismatch
D:\One Drive - UOS\OneDrive - University of Suffolk\UOS\Units\Tools For Game Development\06 - im gui 1\SDLGameNetworking - C# editor test\SDLGameNetworking\Main.cpp(337,21): warning C4018: '<': signed/unsigned mismatch
D:\One Drive - UOS\OneDrive - University of Suffolk\UOS\Units\Tools For Game Development\06 - im gui 1\SDLGameNetworking - C# editor test\SDLGameNetworking\Main.cpp(500,22): warning C4018: '<': signed/unsigned mismatch
  SDLGameNetworking.vcxproj -> D:\One Drive - UOS\OneDrive - University of Suffolk\UOS\Units\Tools For Game Development\06 - im gui 1\SDLGameNetworking - C# editor test\Debug\SDLGameNetworking.dll
